<?xml version="1.0" encoding="UTF-8"?>
<testsuite xmlns:xsi="http://www.w3.org/2001/XMLSchema-instance" xsi:noNamespaceSchemaLocation="https://maven.apache.org/surefire/maven-surefire-plugin/xsd/surefire-test-report.xsd" name="DealerTest" time="0.075" tests="7" errors="0" skipped="0" failures="0">
  <properties>
[...]
</properties>
  <testcase name="testType" classname="DealerTest" time="0"/>
  <testcase name="drawTest" classname="DealerTest" time="0.032"/>
  <testcase name="dealHandTest" classname="DealerTest" time="0.01"/>
  <testcase name="drawTest1" classname="DealerTest" time="0"/>
  <testcase name="shuffleTest" classname="DealerTest" time="0.003"/>
  <testcase name="deckTest" classname="DealerTest" time="0.001"/>
  <testcase name="newCardTest" classname="DealerTest" time="0.001"/>
</testsuite>